<?xml version="1.0" encoding="UTF-8"?>
<!-- Generated by org.testng.reporters.JUnitXMLReporter -->
<testsuite ignored="0" hostname="DESKTOP-RLICJK5" failures="0" tests="3" name="Personal" time="0.061" errors="0" timestamp="2023-01-16T09:37:58 IST">
  <testcase classname="Practise_Exer.day1" name="dataProvider" time="0.008"/>
  <testcase classname="Practise_Exer.day2" name="dataProvider" time="0.003"/>
  <testcase classname="Practise_Exer.day4" name="dataProvider" time="0.003"/>
</testsuite> <!-- Personal -->
