<?xml version="1.0" encoding="UTF-8"?>
<!-- Generated by org.testng.reporters.JUnitXMLReporter -->
<testsuite ignored="0" hostname="DESKTOP-RLICJK5" failures="0" tests="4" name="Test1" time="0.091" errors="0" timestamp="2023-01-16T06:04:23 IST">
  <testcase classname="Practise_Exer.day2" name="dataProvider" time="0.01"/>
  <testcase classname="Practise_Exer.day3" name="dataProvider" time="0.002"/>
  <testcase classname="Practise_Exer.day1" name="dataProvider" time="0.004"/>
  <testcase classname="Practise_Exer.day4" name="dataProvider" time="0.002"/>
</testsuite> <!-- Test1 -->
