<?xml version="1.0" encoding="UTF-8"?>
<testng-results ignored="0" total="3" passed="3" failed="0" skipped="0">
  <reporter-output>
  </reporter-output>
  <suite started-at="2023-01-16T09:37:58 IST" name="Suite" finished-at="2023-01-16T09:37:58 IST" duration-ms="61">
    <groups>
    </groups>
    <test started-at="2023-01-16T09:37:58 IST" name="Personal" finished-at="2023-01-16T09:37:58 IST" duration-ms="61">
      <class name="Practise_Exer.day2">
        <test-method signature="dataProvider()[pri:0, instance:Practise_Exer.day2@6da21078]" started-at="2023-01-16T09:37:58 IST" name="dataProvider" finished-at="2023-01-16T09:37:58 IST" duration-ms="3" status="PASS">
          <reporter-output>
          </reporter-output>
        </test-method> <!-- dataProvider -->
      </class> <!-- Practise_Exer.day2 -->
      <class name="Practise_Exer.day3">
        <test-method is-config="true" signature="dataProvider()[pri:0, instance:Practise_Exer.day3@485966cc]" started-at="2023-01-16T09:37:58 IST" name="dataProvider" finished-at="2023-01-16T09:37:58 IST" duration-ms="8" status="PASS">
          <reporter-output>
          </reporter-output>
        </test-method> <!-- dataProvider -->
      </class> <!-- Practise_Exer.day3 -->
      <class name="Practise_Exer.day4">
        <test-method is-config="true" signature="dataProvider2()[pri:0, instance:Practise_Exer.day4@1de76cc7]" started-at="2023-01-16T09:37:58 IST" name="dataProvider2" finished-at="2023-01-16T09:37:58 IST" duration-ms="0" status="PASS">
          <reporter-output>
          </reporter-output>
        </test-method> <!-- dataProvider2 -->
        <test-method signature="dataProvider()[pri:0, instance:Practise_Exer.day4@1de76cc7]" started-at="2023-01-16T09:37:58 IST" name="dataProvider" finished-at="2023-01-16T09:37:58 IST" duration-ms="3" status="PASS">
          <reporter-output>
          </reporter-output>
        </test-method> <!-- dataProvider -->
        <test-method is-config="true" signature="dataProvider3()[pri:0, instance:Practise_Exer.day4@1de76cc7]" started-at="2023-01-16T09:37:58 IST" name="dataProvider3" finished-at="2023-01-16T09:37:58 IST" duration-ms="0" status="PASS">
          <reporter-output>
          </reporter-output>
        </test-method> <!-- dataProvider3 -->
      </class> <!-- Practise_Exer.day4 -->
      <class name="Practise_Exer.day1">
        <test-method signature="dataProvider()[pri:0, instance:Practise_Exer.day1@1b1426f4]" started-at="2023-01-16T09:37:58 IST" name="dataProvider" finished-at="2023-01-16T09:37:58 IST" duration-ms="8" status="PASS">
          <reporter-output>
          </reporter-output>
        </test-method> <!-- dataProvider -->
      </class> <!-- Practise_Exer.day1 -->
    </test> <!-- Personal -->
  </suite> <!-- Suite -->
</testng-results>
